<?xml version="1.0" encoding="UTF-8"?>
<!-- Generated by org.testng.reporters.JUnitXMLReporter -->
<testsuite hostname="MININT-3U4P43Q" name="Default test" tests="5" failures="0" timestamp="13 May 2016 16:30:25 GMT" time="94.005" errors="0">
  <testcase name="testCreateNetwork" time="0.19" classname="org.jlayer.app.PartyTest"/>
  <testcase name="testInitNetwork" time="0.019" classname="org.jlayer.app.PartyTest"/>
  <testcase name="test1_A_Me_B" time="76.654" classname="org.jlayer.app.PartyTest"/>
  <testcase name="test2_A_Me_B" time="7.72" classname="org.jlayer.app.PartyTest"/>
  <testcase name="test1_ME_A_B" time="9.4" classname="org.jlayer.app.PartyTest"/>
</testsuite> <!-- Default test -->
